[0509/102451:ERROR:gpu_info_collector_win.cc(103)] Can't retrieve a valid WinSAT assessment.
[0509/102451:ERROR:proxy_service_factory.cc(105)] Cannot use V8 Proxy resolver in single process mode.
[0509/102451:ERROR:command_buffer_proxy_impl.cc(156)] Failed to initialize command buffer service.
[0509/102451:ERROR:webgraphicscontext3d_command_buffer_impl.cc(394)] CommandBufferProxy::Initialize failed.
[0509/102451:ERROR:webgraphicscontext3d_command_buffer_impl.cc(413)] Failed to initialize command buffer.
[0509/102451:ERROR:command_buffer_proxy_impl.cc(156)] Failed to initialize command buffer service.
[0509/102451:ERROR:webgraphicscontext3d_command_buffer_impl.cc(394)] CommandBufferProxy::Initialize failed.
[0509/102451:ERROR:webgraphicscontext3d_command_buffer_impl.cc(413)] Failed to initialize command buffer.
[0509/102451:ERROR:command_buffer_proxy_impl.cc(156)] Failed to initialize command buffer service.
[0509/102451:ERROR:webgraphicscontext3d_command_buffer_impl.cc(394)] CommandBufferProxy::Initialize failed.
[0509/102451:ERROR:webgraphicscontext3d_command_buffer_impl.cc(413)] Failed to initialize command buffer.
[0509/102451:ERROR:command_buffer_proxy_impl.cc(156)] Failed to initialize command buffer service.
[0509/102451:ERROR:webgraphicscontext3d_command_buffer_impl.cc(394)] CommandBufferProxy::Initialize failed.
[0509/102451:ERROR:webgraphicscontext3d_command_buffer_impl.cc(413)] Failed to initialize command buffer.
[0509/102451:ERROR:command_buffer_proxy_impl.cc(156)] Failed to initialize command buffer service.
[0509/102451:ERROR:webgraphicscontext3d_command_buffer_impl.cc(394)] CommandBufferProxy::Initialize failed.
[0509/102451:ERROR:webgraphicscontext3d_command_buffer_impl.cc(413)] Failed to initialize command buffer.
[0509/102451:ERROR:command_buffer_proxy_impl.cc(156)] Failed to initialize command buffer service.
[0509/102451:ERROR:webgraphicscontext3d_command_buffer_impl.cc(394)] CommandBufferProxy::Initialize failed.
[0509/102451:ERROR:webgraphicscontext3d_command_buffer_impl.cc(413)] Failed to initialize command buffer.
[0509/102451:ERROR:command_buffer_proxy_impl.cc(156)] Failed to initialize command buffer service.
[0509/102451:ERROR:webgraphicscontext3d_command_buffer_impl.cc(394)] CommandBufferProxy::Initialize failed.
[0509/102451:ERROR:webgraphicscontext3d_command_buffer_impl.cc(413)] Failed to initialize command buffer.
[0509/102451:ERROR:command_buffer_proxy_impl.cc(156)] Failed to initialize command buffer service.
[0509/102451:ERROR:webgraphicscontext3d_command_buffer_impl.cc(394)] CommandBufferProxy::Initialize failed.
[0509/102451:ERROR:webgraphicscontext3d_command_buffer_impl.cc(413)] Failed to initialize command buffer.
[0509/102842:ERROR:gpu_info_collector_win.cc(103)] Can't retrieve a valid WinSAT assessment.
[0509/102843:ERROR:proxy_service_factory.cc(105)] Cannot use V8 Proxy resolver in single process mode.
[0509/102844:ERROR:command_buffer_proxy_impl.cc(156)] Failed to initialize command buffer service.
[0509/102844:ERROR:webgraphicscontext3d_command_buffer_impl.cc(394)] CommandBufferProxy::Initialize failed.
[0509/102844:ERROR:webgraphicscontext3d_command_buffer_impl.cc(413)] Failed to initialize command buffer.
[0509/102844:ERROR:command_buffer_proxy_impl.cc(156)] Failed to initialize command buffer service.
[0509/102844:ERROR:webgraphicscontext3d_command_buffer_impl.cc(394)] CommandBufferProxy::Initialize failed.
[0509/102844:ERROR:webgraphicscontext3d_command_buffer_impl.cc(413)] Failed to initialize command buffer.
[0509/102844:ERROR:command_buffer_proxy_impl.cc(156)] Failed to initialize command buffer service.
[0509/102844:ERROR:webgraphicscontext3d_command_buffer_impl.cc(394)] CommandBufferProxy::Initialize failed.
[0509/102844:ERROR:webgraphicscontext3d_command_buffer_impl.cc(413)] Failed to initialize command buffer.
[0509/102844:ERROR:command_buffer_proxy_impl.cc(156)] Failed to initialize command buffer service.
[0509/102844:ERROR:webgraphicscontext3d_command_buffer_impl.cc(394)] CommandBufferProxy::Initialize failed.
[0509/102844:ERROR:webgraphicscontext3d_command_buffer_impl.cc(413)] Failed to initialize command buffer.
[0509/102844:ERROR:command_buffer_proxy_impl.cc(156)] Failed to initialize command buffer service.
[0509/102844:ERROR:webgraphicscontext3d_command_buffer_impl.cc(394)] CommandBufferProxy::Initialize failed.
[0509/102844:ERROR:webgraphicscontext3d_command_buffer_impl.cc(413)] Failed to initialize command buffer.
[0509/102844:ERROR:command_buffer_proxy_impl.cc(156)] Failed to initialize command buffer service.
[0509/102844:ERROR:webgraphicscontext3d_command_buffer_impl.cc(394)] CommandBufferProxy::Initialize failed.
[0509/102844:ERROR:webgraphicscontext3d_command_buffer_impl.cc(413)] Failed to initialize command buffer.
[0509/102844:ERROR:command_buffer_proxy_impl.cc(156)] Failed to initialize command buffer service.
[0509/102844:ERROR:webgraphicscontext3d_command_buffer_impl.cc(394)] CommandBufferProxy::Initialize failed.
[0509/102844:ERROR:webgraphicscontext3d_command_buffer_impl.cc(413)] Failed to initialize command buffer.
[0509/102844:ERROR:command_buffer_proxy_impl.cc(156)] Failed to initialize command buffer service.
[0509/102844:ERROR:webgraphicscontext3d_command_buffer_impl.cc(394)] CommandBufferProxy::Initialize failed.
[0509/102844:ERROR:webgraphicscontext3d_command_buffer_impl.cc(413)] Failed to initialize command buffer.
[0509/102857:ERROR:gpu_info_collector_win.cc(103)] Can't retrieve a valid WinSAT assessment.
[0509/102857:ERROR:proxy_service_factory.cc(105)] Cannot use V8 Proxy resolver in single process mode.
[0509/102857:ERROR:command_buffer_proxy_impl.cc(156)] Failed to initialize command buffer service.
[0509/102857:ERROR:webgraphicscontext3d_command_buffer_impl.cc(394)] CommandBufferProxy::Initialize failed.
[0509/102857:ERROR:webgraphicscontext3d_command_buffer_impl.cc(413)] Failed to initialize command buffer.
[0509/102857:ERROR:command_buffer_proxy_impl.cc(156)] Failed to initialize command buffer service.
[0509/102857:ERROR:webgraphicscontext3d_command_buffer_impl.cc(394)] CommandBufferProxy::Initialize failed.
[0509/102857:ERROR:webgraphicscontext3d_command_buffer_impl.cc(413)] Failed to initialize command buffer.
[0509/102857:ERROR:command_buffer_proxy_impl.cc(156)] Failed to initialize command buffer service.
[0509/102857:ERROR:webgraphicscontext3d_command_buffer_impl.cc(394)] CommandBufferProxy::Initialize failed.
[0509/102857:ERROR:webgraphicscontext3d_command_buffer_impl.cc(413)] Failed to initialize command buffer.
[0509/102857:ERROR:command_buffer_proxy_impl.cc(156)] Failed to initialize command buffer service.
[0509/102857:ERROR:webgraphicscontext3d_command_buffer_impl.cc(394)] CommandBufferProxy::Initialize failed.
[0509/102857:ERROR:webgraphicscontext3d_command_buffer_impl.cc(413)] Failed to initialize command buffer.
[0509/102857:ERROR:command_buffer_proxy_impl.cc(156)] Failed to initialize command buffer service.
[0509/102857:ERROR:webgraphicscontext3d_command_buffer_impl.cc(394)] CommandBufferProxy::Initialize failed.
[0509/102857:ERROR:webgraphicscontext3d_command_buffer_impl.cc(413)] Failed to initialize command buffer.
[0509/102857:ERROR:command_buffer_proxy_impl.cc(156)] Failed to initialize command buffer service.
[0509/102857:ERROR:webgraphicscontext3d_command_buffer_impl.cc(394)] CommandBufferProxy::Initialize failed.
[0509/102857:ERROR:webgraphicscontext3d_command_buffer_impl.cc(413)] Failed to initialize command buffer.
[0509/102857:ERROR:command_buffer_proxy_impl.cc(156)] Failed to initialize command buffer service.
[0509/102857:ERROR:webgraphicscontext3d_command_buffer_impl.cc(394)] CommandBufferProxy::Initialize failed.
[0509/102857:ERROR:webgraphicscontext3d_command_buffer_impl.cc(413)] Failed to initialize command buffer.
[0509/102857:ERROR:command_buffer_proxy_impl.cc(156)] Failed to initialize command buffer service.
[0509/102857:ERROR:webgraphicscontext3d_command_buffer_impl.cc(394)] CommandBufferProxy::Initialize failed.
[0509/102857:ERROR:webgraphicscontext3d_command_buffer_impl.cc(413)] Failed to initialize command buffer.
[0509/104323:ERROR:gpu_info_collector_win.cc(103)] Can't retrieve a valid WinSAT assessment.
[0509/104323:ERROR:proxy_service_factory.cc(105)] Cannot use V8 Proxy resolver in single process mode.
[0509/104323:ERROR:command_buffer_proxy_impl.cc(156)] Failed to initialize command buffer service.
[0509/104323:ERROR:webgraphicscontext3d_command_buffer_impl.cc(394)] CommandBufferProxy::Initialize failed.
[0509/104323:ERROR:webgraphicscontext3d_command_buffer_impl.cc(413)] Failed to initialize command buffer.
[0509/104323:ERROR:command_buffer_proxy_impl.cc(156)] Failed to initialize command buffer service.
[0509/104323:ERROR:webgraphicscontext3d_command_buffer_impl.cc(394)] CommandBufferProxy::Initialize failed.
[0509/104323:ERROR:webgraphicscontext3d_command_buffer_impl.cc(413)] Failed to initialize command buffer.
[0509/104323:ERROR:command_buffer_proxy_impl.cc(156)] Failed to initialize command buffer service.
[0509/104323:ERROR:webgraphicscontext3d_command_buffer_impl.cc(394)] CommandBufferProxy::Initialize failed.
[0509/104323:ERROR:webgraphicscontext3d_command_buffer_impl.cc(413)] Failed to initialize command buffer.
[0509/104323:ERROR:command_buffer_proxy_impl.cc(156)] Failed to initialize command buffer service.
[0509/104323:ERROR:webgraphicscontext3d_command_buffer_impl.cc(394)] CommandBufferProxy::Initialize failed.
[0509/104323:ERROR:webgraphicscontext3d_command_buffer_impl.cc(413)] Failed to initialize command buffer.
[0509/104323:ERROR:command_buffer_proxy_impl.cc(156)] Failed to initialize command buffer service.
[0509/104323:ERROR:webgraphicscontext3d_command_buffer_impl.cc(394)] CommandBufferProxy::Initialize failed.
[0509/104323:ERROR:webgraphicscontext3d_command_buffer_impl.cc(413)] Failed to initialize command buffer.
[0509/104323:ERROR:command_buffer_proxy_impl.cc(156)] Failed to initialize command buffer service.
[0509/104323:ERROR:webgraphicscontext3d_command_buffer_impl.cc(394)] CommandBufferProxy::Initialize failed.
[0509/104323:ERROR:webgraphicscontext3d_command_buffer_impl.cc(413)] Failed to initialize command buffer.
[0509/104323:ERROR:command_buffer_proxy_impl.cc(156)] Failed to initialize command buffer service.
[0509/104323:ERROR:webgraphicscontext3d_command_buffer_impl.cc(394)] CommandBufferProxy::Initialize failed.
[0509/104323:ERROR:webgraphicscontext3d_command_buffer_impl.cc(413)] Failed to initialize command buffer.
[0509/104323:ERROR:command_buffer_proxy_impl.cc(156)] Failed to initialize command buffer service.
[0509/104323:ERROR:webgraphicscontext3d_command_buffer_impl.cc(394)] CommandBufferProxy::Initialize failed.
[0509/104323:ERROR:webgraphicscontext3d_command_buffer_impl.cc(413)] Failed to initialize command buffer.
[0509/104426:ERROR:gpu_info_collector_win.cc(103)] Can't retrieve a valid WinSAT assessment.
[0509/104426:ERROR:proxy_service_factory.cc(105)] Cannot use V8 Proxy resolver in single process mode.
[0509/104426:ERROR:command_buffer_proxy_impl.cc(156)] Failed to initialize command buffer service.
[0509/104426:ERROR:webgraphicscontext3d_command_buffer_impl.cc(394)] CommandBufferProxy::Initialize failed.
[0509/104426:ERROR:webgraphicscontext3d_command_buffer_impl.cc(413)] Failed to initialize command buffer.
[0509/104426:ERROR:command_buffer_proxy_impl.cc(156)] Failed to initialize command buffer service.
[0509/104426:ERROR:webgraphicscontext3d_command_buffer_impl.cc(394)] CommandBufferProxy::Initialize failed.
[0509/104426:ERROR:webgraphicscontext3d_command_buffer_impl.cc(413)] Failed to initialize command buffer.
[0509/104426:ERROR:command_buffer_proxy_impl.cc(156)] Failed to initialize command buffer service.
[0509/104426:ERROR:webgraphicscontext3d_command_buffer_impl.cc(394)] CommandBufferProxy::Initialize failed.
[0509/104426:ERROR:webgraphicscontext3d_command_buffer_impl.cc(413)] Failed to initialize command buffer.
[0509/104426:ERROR:command_buffer_proxy_impl.cc(156)] Failed to initialize command buffer service.
[0509/104426:ERROR:webgraphicscontext3d_command_buffer_impl.cc(394)] CommandBufferProxy::Initialize failed.
[0509/104426:ERROR:webgraphicscontext3d_command_buffer_impl.cc(413)] Failed to initialize command buffer.
[0509/104426:ERROR:command_buffer_proxy_impl.cc(156)] Failed to initialize command buffer service.
[0509/104426:ERROR:webgraphicscontext3d_command_buffer_impl.cc(394)] CommandBufferProxy::Initialize failed.
[0509/104426:ERROR:webgraphicscontext3d_command_buffer_impl.cc(413)] Failed to initialize command buffer.
[0509/104426:ERROR:command_buffer_proxy_impl.cc(156)] Failed to initialize command buffer service.
[0509/104426:ERROR:webgraphicscontext3d_command_buffer_impl.cc(394)] CommandBufferProxy::Initialize failed.
[0509/104426:ERROR:webgraphicscontext3d_command_buffer_impl.cc(413)] Failed to initialize command buffer.
[0509/104426:ERROR:command_buffer_proxy_impl.cc(156)] Failed to initialize command buffer service.
[0509/104426:ERROR:webgraphicscontext3d_command_buffer_impl.cc(394)] CommandBufferProxy::Initialize failed.
[0509/104426:ERROR:webgraphicscontext3d_command_buffer_impl.cc(413)] Failed to initialize command buffer.
[0509/104426:ERROR:command_buffer_proxy_impl.cc(156)] Failed to initialize command buffer service.
[0509/104426:ERROR:webgraphicscontext3d_command_buffer_impl.cc(394)] CommandBufferProxy::Initialize failed.
[0509/104426:ERROR:webgraphicscontext3d_command_buffer_impl.cc(413)] Failed to initialize command buffer.
[0509/104541:ERROR:gpu_info_collector_win.cc(103)] Can't retrieve a valid WinSAT assessment.
[0509/104541:ERROR:proxy_service_factory.cc(105)] Cannot use V8 Proxy resolver in single process mode.
[0509/104541:ERROR:command_buffer_proxy_impl.cc(156)] Failed to initialize command buffer service.
[0509/104541:ERROR:webgraphicscontext3d_command_buffer_impl.cc(394)] CommandBufferProxy::Initialize failed.
[0509/104541:ERROR:webgraphicscontext3d_command_buffer_impl.cc(413)] Failed to initialize command buffer.
[0509/104541:ERROR:command_buffer_proxy_impl.cc(156)] Failed to initialize command buffer service.
[0509/104541:ERROR:webgraphicscontext3d_command_buffer_impl.cc(394)] CommandBufferProxy::Initialize failed.
[0509/104541:ERROR:webgraphicscontext3d_command_buffer_impl.cc(413)] Failed to initialize command buffer.
[0509/104541:ERROR:command_buffer_proxy_impl.cc(156)] Failed to initialize command buffer service.
[0509/104541:ERROR:webgraphicscontext3d_command_buffer_impl.cc(394)] CommandBufferProxy::Initialize failed.
[0509/104541:ERROR:webgraphicscontext3d_command_buffer_impl.cc(413)] Failed to initialize command buffer.
[0509/104541:ERROR:command_buffer_proxy_impl.cc(156)] Failed to initialize command buffer service.
[0509/104541:ERROR:webgraphicscontext3d_command_buffer_impl.cc(394)] CommandBufferProxy::Initialize failed.
[0509/104541:ERROR:webgraphicscontext3d_command_buffer_impl.cc(413)] Failed to initialize command buffer.
[0509/104541:ERROR:command_buffer_proxy_impl.cc(156)] Failed to initialize command buffer service.
[0509/104541:ERROR:webgraphicscontext3d_command_buffer_impl.cc(394)] CommandBufferProxy::Initialize failed.
[0509/104541:ERROR:webgraphicscontext3d_command_buffer_impl.cc(413)] Failed to initialize command buffer.
[0509/104541:ERROR:command_buffer_proxy_impl.cc(156)] Failed to initialize command buffer service.
[0509/104541:ERROR:webgraphicscontext3d_command_buffer_impl.cc(394)] CommandBufferProxy::Initialize failed.
[0509/104541:ERROR:webgraphicscontext3d_command_buffer_impl.cc(413)] Failed to initialize command buffer.
[0509/104541:ERROR:command_buffer_proxy_impl.cc(156)] Failed to initialize command buffer service.
[0509/104541:ERROR:webgraphicscontext3d_command_buffer_impl.cc(394)] CommandBufferProxy::Initialize failed.
[0509/104541:ERROR:webgraphicscontext3d_command_buffer_impl.cc(413)] Failed to initialize command buffer.
[0509/104541:ERROR:command_buffer_proxy_impl.cc(156)] Failed to initialize command buffer service.
[0509/104541:ERROR:webgraphicscontext3d_command_buffer_impl.cc(394)] CommandBufferProxy::Initialize failed.
[0509/104541:ERROR:webgraphicscontext3d_command_buffer_impl.cc(413)] Failed to initialize command buffer.
[0509/104617:ERROR:gpu_info_collector_win.cc(103)] Can't retrieve a valid WinSAT assessment.
[0509/104617:ERROR:proxy_service_factory.cc(105)] Cannot use V8 Proxy resolver in single process mode.
[0509/104617:ERROR:command_buffer_proxy_impl.cc(156)] Failed to initialize command buffer service.
[0509/104617:ERROR:webgraphicscontext3d_command_buffer_impl.cc(394)] CommandBufferProxy::Initialize failed.
[0509/104617:ERROR:webgraphicscontext3d_command_buffer_impl.cc(413)] Failed to initialize command buffer.
[0509/104617:ERROR:command_buffer_proxy_impl.cc(156)] Failed to initialize command buffer service.
[0509/104617:ERROR:webgraphicscontext3d_command_buffer_impl.cc(394)] CommandBufferProxy::Initialize failed.
[0509/104617:ERROR:webgraphicscontext3d_command_buffer_impl.cc(413)] Failed to initialize command buffer.
[0509/104617:ERROR:command_buffer_proxy_impl.cc(156)] Failed to initialize command buffer service.
[0509/104617:ERROR:webgraphicscontext3d_command_buffer_impl.cc(394)] CommandBufferProxy::Initialize failed.
[0509/104617:ERROR:webgraphicscontext3d_command_buffer_impl.cc(413)] Failed to initialize command buffer.
[0509/104617:ERROR:command_buffer_proxy_impl.cc(156)] Failed to initialize command buffer service.
[0509/104617:ERROR:webgraphicscontext3d_command_buffer_impl.cc(394)] CommandBufferProxy::Initialize failed.
[0509/104617:ERROR:webgraphicscontext3d_command_buffer_impl.cc(413)] Failed to initialize command buffer.
[0509/104617:ERROR:command_buffer_proxy_impl.cc(156)] Failed to initialize command buffer service.
[0509/104617:ERROR:webgraphicscontext3d_command_buffer_impl.cc(394)] CommandBufferProxy::Initialize failed.
[0509/104617:ERROR:webgraphicscontext3d_command_buffer_impl.cc(413)] Failed to initialize command buffer.
[0509/104617:ERROR:command_buffer_proxy_impl.cc(156)] Failed to initialize command buffer service.
[0509/104617:ERROR:webgraphicscontext3d_command_buffer_impl.cc(394)] CommandBufferProxy::Initialize failed.
[0509/104617:ERROR:webgraphicscontext3d_command_buffer_impl.cc(413)] Failed to initialize command buffer.
[0509/104617:ERROR:command_buffer_proxy_impl.cc(156)] Failed to initialize command buffer service.
[0509/104617:ERROR:webgraphicscontext3d_command_buffer_impl.cc(394)] CommandBufferProxy::Initialize failed.
[0509/104617:ERROR:webgraphicscontext3d_command_buffer_impl.cc(413)] Failed to initialize command buffer.
[0509/104618:ERROR:command_buffer_proxy_impl.cc(156)] Failed to initialize command buffer service.
[0509/104618:ERROR:webgraphicscontext3d_command_buffer_impl.cc(394)] CommandBufferProxy::Initialize failed.
[0509/104618:ERROR:webgraphicscontext3d_command_buffer_impl.cc(413)] Failed to initialize command buffer.
